{
  "RSpec": {
    "coverage": {
      "/Users/calebthomas/Desktop/turing_work/3mod/projects/pantry_wizard/pantry_wizard_fe/config/environment.rb": {
        "lines": [
          null,
          1,
          null,
          null,
          1
        ]
      },
      "/Users/calebthomas/Desktop/turing_work/3mod/projects/pantry_wizard/pantry_wizard_fe/config/application.rb": {
        "lines": [
          1,
          null,
          1,
          null,
          1,
          1,
          1,
          1,
          1,
          1,
          1,
          1,
          1,
          1,
          null,
          null,
          null,
          null,
          1,
          null,
          1,
          1,
          null,
          1,
          null,
          null,
          null,
          null,
          null,
          null,
          null,
          null,
          null,
          null,
          1,
          null,
          null
        ]
      },
      "/Users/calebthomas/Desktop/turing_work/3mod/projects/pantry_wizard/pantry_wizard_fe/config/boot.rb": {
        "lines": [
          1,
          null,
          1,
          1
        ]
      },
      "/Users/calebthomas/Desktop/turing_work/3mod/projects/pantry_wizard/pantry_wizard_fe/config/environments/test.rb": {
        "lines": [
          1,
          null,
          null,
          null,
          null,
          null,
          null,
          1,
          null,
          null,
          null,
          1,
          null,
          null,
          null,
          null,
          1,
          null,
          null,
          1,
          1,
          null,
          null,
          null,
          null,
          1,
          1,
          1,
          null,
          null,
          1,
          null,
          null,
          1,
          null,
          null,
          1,
          null,
          1,
          null,
          null,
          null,
          null,
          1,
          null,
          null,
          1,
          null,
          null,
          1,
          null,
          null,
          1,
          null,
          null,
          null,
          null,
          null,
          null,
          null
        ]
      },
      "/Users/calebthomas/Desktop/turing_work/3mod/projects/pantry_wizard/pantry_wizard_fe/config/initializers/assets.rb": {
        "lines": [
          null,
          null,
          null,
          1,
          null,
          null,
          null,
          null,
          null,
          null,
          null,
          null
        ]
      },
      "/Users/calebthomas/Desktop/turing_work/3mod/projects/pantry_wizard/pantry_wizard_fe/config/initializers/content_security_policy.rb": {
        "lines": [
          null,
          null,
          null,
          null,
          null,
          null,
          null,
          null,
          null,
          null,
          null,
          null,
          null,
          null,
          null,
          null,
          null,
          null,
          null,
          null,
          null,
          null,
          null,
          null,
          null
        ]
      },
      "/Users/calebthomas/Desktop/turing_work/3mod/projects/pantry_wizard/pantry_wizard_fe/config/initializers/filter_parameter_logging.rb": {
        "lines": [
          null,
          null,
          null,
          null,
          null,
          1,
          null,
          null
        ]
      },
      "/Users/calebthomas/Desktop/turing_work/3mod/projects/pantry_wizard/pantry_wizard_fe/config/initializers/inflections.rb": {
        "lines": [
          null,
          null,
          null,
          null,
          null,
          null,
          null,
          null,
          null,
          null,
          null,
          null,
          null,
          null,
          null,
          null
        ]
      },
      "/Users/calebthomas/Desktop/turing_work/3mod/projects/pantry_wizard/pantry_wizard_fe/config/initializers/omniauth.rb": {
        "lines": [
          1,
          1,
          null
        ]
      },
      "/Users/calebthomas/Desktop/turing_work/3mod/projects/pantry_wizard/pantry_wizard_fe/config/initializers/permissions_policy.rb": {
        "lines": [
          null,
          null,
          null,
          null,
          null,
          null,
          null,
          null,
          null,
          null,
          null
        ]
      },
      "/Users/calebthomas/Desktop/turing_work/3mod/projects/pantry_wizard/pantry_wizard_fe/config/routes.rb": {
        "lines": [
          1,
          null,
          null,
          null,
          null,
          1,
          null,
          1,
          null
        ]
      },
      "/Users/calebthomas/Desktop/turing_work/3mod/projects/pantry_wizard/pantry_wizard_fe/app/helpers/application_helper.rb": {
        "lines": [
          1,
          null
        ]
      },
      "/Users/calebthomas/Desktop/turing_work/3mod/projects/pantry_wizard/pantry_wizard_fe/app/controllers/welcome_controller.rb": {
        "lines": [
          1,
          1,
          null,
          null
        ]
      },
      "/Users/calebthomas/Desktop/turing_work/3mod/projects/pantry_wizard/pantry_wizard_fe/app/controllers/application_controller.rb": {
        "lines": [
          1,
          1,
          1,
          null,
          1,
          0,
          null,
          null,
          1,
          0,
          null,
          0,
          0,
          null,
          null
        ]
      },
      "/Users/calebthomas/Desktop/turing_work/3mod/projects/pantry_wizard/pantry_wizard_fe/app/controllers/about_controller.rb": {
        "lines": [
          1,
          1,
          null
        ]
      }
    },
    "timestamp": 1681326881
  }
}
